/*C1*/SET SCHEMA SYSTEM_LOBS
INSERT INTO BLOCKS VALUES(0,2147483647,0)
COMMIT
/*C10*/SET SCHEMA PUBLIC
create table phone (id bigint generated by default as identity (start with 1), phone_name varchar(255), phonemanufacturer varchar(255), primary key (id))
create table phone_detail (phone_detailid bigint generated by default as identity (start with 1), color varchar(255), phone varbinary(255), type varchar(255), primary key (phone_detailid))
/*C11*/SET SCHEMA PUBLIC
INSERT INTO PHONE VALUES(1,'Iphone 6','Apple')
COMMIT
INSERT INTO PHONE VALUES(2,'Iphone 7','Apple')
COMMIT
INSERT INTO PHONE VALUES(3,'Iphone 8','Apple')
COMMIT
DISCONNECT
/*C10*/DISCONNECT
/*C9*/SET SCHEMA PUBLIC
DISCONNECT
/*C8*/SET SCHEMA PUBLIC
DISCONNECT
/*C7*/SET SCHEMA PUBLIC
DISCONNECT
/*C6*/SET SCHEMA PUBLIC
DISCONNECT
/*C5*/SET SCHEMA PUBLIC
DISCONNECT
/*C4*/SET SCHEMA PUBLIC
DISCONNECT
/*C3*/SET SCHEMA PUBLIC
DISCONNECT
/*C2*/SET SCHEMA PUBLIC
DISCONNECT
